\BOOKMARK [1][-]{section.1}{Abstract}{}% 1
\BOOKMARK [1][-]{section.2}{Contributions}{}% 2
\BOOKMARK [1][-]{section.3}{Overview}{}% 3
\BOOKMARK [2][-]{subsection.3.1}{Data\040Set}{section.3}% 4
\BOOKMARK [2][-]{subsection.3.2}{Syntax\040and\040Semantics}{section.3}% 5
\BOOKMARK [2][-]{subsection.3.3}{Ambiguity}{section.3}% 6
\BOOKMARK [1][-]{section.4}{Introduction}{}% 7
\BOOKMARK [1][-]{section.5}{Current\040Landscape}{}% 8
\BOOKMARK [2][-]{subsection.5.1}{Voice\040assistants\040for\040autonomous\040vehicles}{section.5}% 9
\BOOKMARK [2][-]{subsection.5.2}{Natural\040Language\040and\040Robots,\040generally}{section.5}% 10
\BOOKMARK [2][-]{subsection.5.3}{Semantic\040Representations\040of\040NL\040for\040verification}{section.5}% 11
\BOOKMARK [2][-]{subsection.5.4}{Foundation\040Models}{section.5}% 12
\BOOKMARK [1][-]{section.6}{Work}{}% 13
\BOOKMARK [2][-]{subsection.6.1}{GF\040Grammar}{section.6}% 14
\BOOKMARK [1][-]{section.7}{TODO}{}% 15
\BOOKMARK [2][-]{subsection.7.1}{Grammar\040modulo\040wordnet}{section.7}% 16
\BOOKMARK [2][-]{subsection.7.2}{LTL\040in\040Agda}{section.7}% 17
\BOOKMARK [2][-]{subsection.7.3}{AST\040->\040Agda}{section.7}% 18
\BOOKMARK [2][-]{subsection.7.4}{ML\040training/verification\040stuff}{section.7}% 19
\BOOKMARK [1][-]{section.8}{Publications\040Description}{}% 20
\BOOKMARK [2][-]{subsection.8.1}{Statistical\040\(pre-trained\)\040Language\040Models}{section.8}% 21
\BOOKMARK [2][-]{subsection.8.2}{NL\040to\040TL}{section.8}% 22
\BOOKMARK [2][-]{subsection.8.3}{Tellex}{section.8}% 23
\BOOKMARK [2][-]{subsection.8.4}{Robot\040Motion\040Planning}{section.8}% 24
