\BOOKMARK [1][-]{section.1}{Introduction}{}% 1
\BOOKMARK [2][-]{subsection.1.1}{Problem\040Statement}{section.1}% 2
\BOOKMARK [2][-]{subsection.1.2}{Overview}{section.1}% 3
\BOOKMARK [1][-]{section.2}{Contributions}{}% 4
\BOOKMARK [1][-]{section.3}{Preliminaries}{}% 5
\BOOKMARK [2][-]{subsection.3.1}{Linguistic}{section.3}% 6
\BOOKMARK [3][-]{subsubsection.3.1.1}{GF,\040Parsers,\040and\040Personal\040Work}{subsection.3.1}% 7
\BOOKMARK [3][-]{subsubsection.3.1.2}{Semantical\040Representations}{subsection.3.1}% 8
\BOOKMARK [2][-]{subsection.3.2}{Robot\040Motion\040Planning\040and\040Verification}{section.3}% 9
\BOOKMARK [3][-]{subsubsection.3.2.1}{Temporal\040Logic\040for\040Robot\040Verification}{subsection.3.2}% 10
\BOOKMARK [1][-]{section.4}{Our\040Pipeline}{}% 11
\BOOKMARK [2][-]{subsection.4.1}{Touchdown\040Data\040Set}{section.4}% 12
\BOOKMARK [3][-]{subsubsection.4.1.1}{Filtering\040the\040data\040set}{subsection.4.1}% 13
\BOOKMARK [2][-]{subsection.4.2}{GF\040Grammar}{section.4}% 14
\BOOKMARK [3][-]{subsubsection.4.2.1}{Brief\040Intro\040To\040Gf}{subsection.4.2}% 15
\BOOKMARK [3][-]{subsubsection.4.2.2}{Our\040Drive\040Grammar}{subsection.4.2}% 16
\BOOKMARK [3][-]{subsubsection.4.2.3}{PGF\040Embedding}{subsection.4.2}% 17
\BOOKMARK [3][-]{subsubsection.4.2.4}{PGF\040Embedding}{subsection.4.2}% 18
\BOOKMARK [2][-]{subsection.4.3}{Pipeline\040Proposal}{section.4}% 19
\BOOKMARK [2][-]{subsection.4.4}{Syntax\040and\040Semantics}{section.4}% 20
\BOOKMARK [2][-]{subsection.4.5}{Ambiguity}{section.4}% 21
\BOOKMARK [1][-]{section.5}{Related\040Work}{}% 22
\BOOKMARK [2][-]{subsection.5.1}{End-to-End\040Systems}{section.5}% 23
\BOOKMARK [3][-]{subsubsection.5.1.1}{Natural\040Language\040and\040LTL\040verification}{subsection.5.1}% 24
\BOOKMARK [3][-]{subsubsection.5.1.2}{Theorem\040Provers\040and\040Verification\040for\040Robots}{subsection.5.1}% 25
\BOOKMARK [3][-]{subsubsection.5.1.3}{Tellex}{subsection.5.1}% 26
\BOOKMARK [3][-]{subsubsection.5.1.4}{Commericial}{subsection.5.1}% 27
\BOOKMARK [3][-]{subsubsection.5.1.5}{Alternative\040ideas}{subsection.5.1}% 28
\BOOKMARK [1][-]{section.6}{Publications\040Description}{}% 29
\BOOKMARK [2][-]{subsection.6.1}{Statistical\040\(pre-trained\)\040Language\040Models}{section.6}% 30
\BOOKMARK [1][-]{section.7}{LTL\040Intro\040In\040Agda}{}% 31
\BOOKMARK [1][-]{section.8}{LTL\040in\040Agda}{}% 32
\BOOKMARK [1][-]{section.9}{LTL\040in\040Agda}{}% 33
\BOOKMARK [2][-]{subsection.9.1}{Motivating\040LTL}{section.9}% 34
\BOOKMARK [2][-]{subsection.9.2}{Sequential\040Definition}{section.9}% 35
\BOOKMARK [2][-]{subsection.9.3}{LTL\040Semantics\040For\040Streams}{section.9}% 36
\BOOKMARK [3][-]{subsubsection.9.3.1}{Global}{subsection.9.3}% 37
\BOOKMARK [3][-]{subsubsection.9.3.2}{Future}{subsection.9.3}% 38
\BOOKMARK [3][-]{subsubsection.9.3.3}{Until\040and\040Release}{subsection.9.3}% 39
\BOOKMARK [2][-]{subsection.9.4}{Satisfaction}{section.9}% 40
\BOOKMARK [2][-]{subsection.9.5}{Paths\040as\040Sequences}{section.9}% 41
\BOOKMARK [2][-]{subsection.9.6}{Other\040Formalizations\040for\040Robot\040Planning}{section.9}% 42
